<?xml version="1.0" encoding="UTF-8"?>
<!-- Generated by org.testng.reporters.JUnitReportReporter -->
<testsuite hostname="ShibaShankar" failures="1" tests="5" name="com.pyga.systemtest.CampaignSystemTest" time="135.026" errors="0" timestamp="2023-07-13T16:22:06 IST" skipped="4">
  <testcase classname="com.pyga.systemtest.CampaignSystemTest" name="createcCampaign" time="27.086">
    <skipped/>
  </testcase> <!-- createcCampaign -->
  <system-out>
    <![CDATA[****CampaignSystemTest****
successfully mouseover to: More
successfully mouseover to: More
Vendor is created and verified
>> Selected by value:Hardware
module=Vendors Switch to Window is passed--!
>> Selected by value:vendorname
++ Successfully Clicked on the element ++
Product is created and verified
successfully mouseover to: More
>> Selected by value:Advertisement
module=Products Switch to Window is passed--!
>> Selected by value:productname
++ Successfully Clicked on the element ++
>> Selected by value:Good
Campaign is created and verified
Campaign TestScript is successfully Completed
## Successfully written data into excel ##]]>
  </system-out>
  <testcase classname="com.pyga.systemtest.CampaignSystemTest" name="createcCampaign" time="25.922">
    <failure message="null" type="java.lang.AssertionError">
      <![CDATA[java.lang.AssertionError: null
at org.testng.Assert.fail(Assert.java:99)
at org.testng.Assert.fail(Assert.java:106)
at com.pyga.systemtest.CampaignSystemTest.createcCampaign(CampaignSystemTest.java:227)
at java.base/jdk.internal.reflect.NativeMethodAccessorImpl.invoke0(Native Method)
at java.base/jdk.internal.reflect.NativeMethodAccessorImpl.invoke(NativeMethodAccessorImpl.java:77)
at java.base/jdk.internal.reflect.DelegatingMethodAccessorImpl.invoke(DelegatingMethodAccessorImpl.java:43)
at java.base/java.lang.reflect.Method.invoke(Method.java:568)
at org.testng.internal.MethodInvocationHelper.invokeMethod(MethodInvocationHelper.java:133)
at org.testng.internal.TestInvoker.invokeMethod(TestInvoker.java:598)
at org.testng.internal.TestInvoker.retryFailed(TestInvoker.java:213)
at org.testng.internal.MethodRunner.runInSequence(MethodRunner.java:58)
at org.testng.internal.TestInvoker$MethodInvocationAgent.invoke(TestInvoker.java:824)
at org.testng.internal.TestInvoker.invokeTestMethods(TestInvoker.java:146)
at org.testng.internal.TestMethodWorker.invokeTestMethods(TestMethodWorker.java:146)
at org.testng.internal.TestMethodWorker.run(TestMethodWorker.java:128)
at java.base/java.util.ArrayList.forEach(ArrayList.java:1511)
at org.testng.TestRunner.privateRun(TestRunner.java:794)
at org.testng.TestRunner.run(TestRunner.java:596)
at org.testng.SuiteRunner.runTest(SuiteRunner.java:377)
at org.testng.SuiteRunner.runSequentially(SuiteRunner.java:371)
at org.testng.SuiteRunner.privateRun(SuiteRunner.java:332)
at org.testng.SuiteRunner.run(SuiteRunner.java:276)
at org.testng.SuiteRunnerWorker.runSuite(SuiteRunnerWorker.java:53)
at org.testng.SuiteRunnerWorker.run(SuiteRunnerWorker.java:96)
at org.testng.TestNG.runSuitesSequentially(TestNG.java:1212)
at org.testng.TestNG.runSuitesLocally(TestNG.java:1134)
at org.testng.TestNG.runSuites(TestNG.java:1063)
at org.testng.TestNG.run(TestNG.java:1031)
at org.testng.remote.AbstractRemoteTestNG.run(AbstractRemoteTestNG.java:115)
at org.testng.remote.RemoteTestNG.initAndRun(RemoteTestNG.java:251)
at org.testng.remote.RemoteTestNG.main(RemoteTestNG.java:77)
]]>
    </failure>
  </testcase> <!-- createcCampaign -->
  <system-out>
    <![CDATA[****CampaignSystemTest****
successfully mouseover to: More
successfully mouseover to: More
Vendor is created and verified
>> Selected by value:Hardware
module=Vendors Switch to Window is passed--!
>> Selected by value:vendorname
++ Successfully Clicked on the element ++
Product is created and verified
successfully mouseover to: More
>> Selected by value:Advertisement
module=Products Switch to Window is passed--!
>> Selected by value:productname
++ Successfully Clicked on the element ++
>> Selected by value:Good
Campaign is created and verified
Campaign TestScript is successfully Completed
## Successfully written data into excel ##]]>
  </system-out>
  <testcase classname="com.pyga.systemtest.CampaignSystemTest" name="createcCampaign" time="26.410">
    <skipped/>
  </testcase> <!-- createcCampaign -->
  <system-out>
    <![CDATA[****CampaignSystemTest****
successfully mouseover to: More
successfully mouseover to: More
Vendor is created and verified
>> Selected by value:Hardware
module=Vendors Switch to Window is passed--!
>> Selected by value:vendorname
++ Successfully Clicked on the element ++
Product is created and verified
successfully mouseover to: More
>> Selected by value:Advertisement
module=Products Switch to Window is passed--!
>> Selected by value:productname
++ Successfully Clicked on the element ++
>> Selected by value:Good
Campaign is created and verified
Campaign TestScript is successfully Completed
## Successfully written data into excel ##]]>
  </system-out>
  <testcase classname="com.pyga.systemtest.CampaignSystemTest" name="createcCampaign" time="27.385">
    <skipped/>
  </testcase> <!-- createcCampaign -->
  <system-out>
    <![CDATA[****CampaignSystemTest****
successfully mouseover to: More
successfully mouseover to: More
Vendor is created and verified
>> Selected by value:Hardware
module=Vendors Switch to Window is passed--!
>> Selected by value:vendorname
++ Successfully Clicked on the element ++
Product is created and verified
successfully mouseover to: More
>> Selected by value:Advertisement
module=Products Switch to Window is passed--!
>> Selected by value:productname
++ Successfully Clicked on the element ++
>> Selected by value:Good
Campaign is created and verified
Campaign TestScript is successfully Completed
## Successfully written data into excel ##]]>
  </system-out>
  <testcase classname="com.pyga.systemtest.CampaignSystemTest" name="createcCampaign" time="28.223">
    <skipped/>
  </testcase> <!-- createcCampaign -->
  <system-out>
    <![CDATA[****CampaignSystemTest****
successfully mouseover to: More
successfully mouseover to: More
Vendor is created and verified
>> Selected by value:Hardware
module=Vendors Switch to Window is passed--!
>> Selected by value:vendorname
++ Successfully Clicked on the element ++
Product is created and verified
successfully mouseover to: More
>> Selected by value:Advertisement
module=Products Switch to Window is passed--!
>> Selected by value:productname
++ Successfully Clicked on the element ++
>> Selected by value:Good
Campaign is created and verified
Campaign TestScript is successfully Completed
## Successfully written data into excel ##]]>
  </system-out>
</testsuite> <!-- com.pyga.systemtest.CampaignSystemTest -->
