<?xml version="1.0" encoding="UTF-8"?>
<!-- Generated by org.testng.reporters.JUnitReportReporter -->
<testsuite hostname="ShibaShankar" failures="0" tests="1" name="com.pyga.systemtest.CampaignSystemTest" time="33.508" errors="0" timestamp="2023-07-13T17:33:59 IST" skipped="0">
  <testcase classname="com.pyga.systemtest.CampaignSystemTest" name="createcCampaign" time="33.508"/>
  <system-out>
    <![CDATA[****CampaignSystemTest****
successfully mouseover to: More
successfully mouseover to: More
Vendor is created and verified
>> Selected by value:Hardware
module=Vendors Switch to Window is passed--!
>> Selected by value:vendorname
++ Successfully Clicked on the element ++
Product is created and verified
successfully mouseover to: More
>> Selected by value:Advertisement
module=Products Switch to Window is passed--!
>> Selected by value:productname
++ Successfully Clicked on the element ++
>> Selected by value:Good
Campaign is created and verified
Campaign TestScript is successfully Completed
## Successfully written data into excel ##]]>
  </system-out>
</testsuite> <!-- com.pyga.systemtest.CampaignSystemTest -->
