<?xml version="1.0" encoding="UTF-8"?>
<!-- Generated by org.testng.reporters.JUnitReportReporter -->
<testsuite hostname="ShibaShankar" failures="0" tests="1" name="com.pyga.systemtest.SalesOrderTest" time="54.044" errors="0" timestamp="2023-07-13T16:22:06 IST" skipped="0">
  <testcase classname="com.pyga.systemtest.SalesOrderTest" name="salesorderFromVendor" time="54.044"/>
  <system-out>
    <![CDATA[****SalesOrderTest****
successfully mouseover to: More
Vendor is created and verified
module=Vendors Switch to Window is passed--!
>> Selected by value:vendorname
>> Selected by value:AltvetPet Inc.
>> Selected by value:Hardware
Product is created and verified
>> Selected by value:Engineering
>> Selected by value:Active
>> Selected by value:Customer
Organization is created and verified
successfully mouseover to: More
successfully mouseover to: More
module=Account Switch to Window is passed--!
>> Selected by Visible text:Organization Name
++ Alert is Handled and clicked on ok ++
module=Products&action=Popup Switch to Window is passed--!
++ Successfully Clicked on the element ++
++ Successfully Clicked on the element ++
Quote is created and verified
successfully mouseover to: More
module=Quotes Switch to Window is passed--!
>> Selected by Visible text:Subject
module=Accounts Switch to Window is passed--!
++ Alert is Handled and clicked on ok ++
Sales Order is created and verified
Sales Order TestScript is successfully Completed
## Successfully written data into excel ##]]>
  </system-out>
</testsuite> <!-- com.pyga.systemtest.SalesOrderTest -->
