<?xml version="1.0" encoding="UTF-8"?>
<!-- Generated by org.testng.reporters.JUnitReportReporter -->
<testsuite hostname="ShibaShankar" failures="0" tests="1" name="com.pyga.systemtest.OpportunitySystemTest" time="30.059" errors="0" timestamp="2023-07-13T16:22:06 IST" skipped="0">
  <testcase classname="com.pyga.systemtest.OpportunitySystemTest" name="oppotunitySystem" time="30.059"/>
  <system-out>
    <![CDATA[***OpportunitySystemTest***
>> Selected by value:Engineering
>> Selected by value:Active
>> Selected by value:Customer
Organization is created and verified
module=Accounts Switch to Window is passed--!
>> Selected by Visible text:Organization Name
Contact is created and verified
>> Selected by value:Contacts
module=Contacts Switch to Window is passed--!
>> Selected by Visible text:Last Name
++ Successfully Clicked on the element ++
++ Successfully Clicked on the element ++
>> Selected by value:Needs Analysis
Opportunity is created and verified
Campaign TestScript is successfully Completed
## Successfully written data into excel ##]]>
  </system-out>
</testsuite> <!-- com.pyga.systemtest.OpportunitySystemTest -->
