<?xml version="1.0" encoding="UTF-8"?>
<!-- Generated by org.testng.reporters.JUnitReportReporter -->
<testsuite hostname="ShibaShankar" failures="0" tests="1" name="com.pyga.systemtest.Invoice_234Test" time="78.777" errors="0" timestamp="2023-07-13T16:22:06 IST" skipped="0">
  <testcase classname="com.pyga.systemtest.Invoice_234Test" name="createInvoiceFromVendor" time="78.777"/>
  <system-out>
    <![CDATA[****Invoice_234Test****
successfully mouseover to: More
Vendor is created and verified
++ Successfully Clicked on the element ++
module=Vendors Switch to Window is passed--!
>> Selected by value:vendorname
>> Selected by value:AltvetPet Inc.
>> Selected by value:Hardware
Product is created and verified
successfully mouseover to: More
>> Selected by value:Advertisement
module=Products Switch to Window is passed--!
>> Selected by value:productname
>> Selected by value:Good
Campaign is created and verified
>> Selected by value:Engineering
>> Selected by value:Active
>> Selected by value:Customer
Organization is created and verified
successfully mouseover to: More
successfully mouseover to: More
module=Accounts Switch to Window is passed--!
>> Selected by Visible text:Organization Name
++ Successfully Clicked on the element ++
++ Alert is Handled and clicked on ok ++
module=Potentials Switch to Window is passed--!
>> Selected by Visible text:Opportunity
module=Products Switch to Window is passed--!
>> Selected by Visible text:Product Name
Quote is created and verified
successfully mouseover to: More
module=Quotes Switch to Window is passed--!
>> Selected by Visible text:Subject
module=Accounts Switch to Window is passed--!
++ Alert is Handled and clicked on ok ++
Sales Order is created and verified
successfully mouseover to: More
module=SalesOrder Switch to Window is passed--!
>> Selected by Visible text:Subject
module=Accounts Switch to Window is passed--!
++ Alert is Handled and clicked on ok ++
Invoice is created and verified
Invoice TestScript is successfully Completed
## Successfully written data into excel ##]]>
  </system-out>
</testsuite> <!-- com.pyga.systemtest.Invoice_234Test -->
